<?xml version="1.0" encoding="UTF-8"?>
<testng-results ignored="0" total="2" passed="2" failed="0" skipped="0">
  <reporter-output>
  </reporter-output>
  <suite started-at="2023-10-28T16:59:13 IST" name="Suite" finished-at="2023-10-28T16:59:27 IST" duration-ms="14432">
    <groups>
    </groups>
    <test started-at="2023-10-28T16:59:13 IST" name="Test" finished-at="2023-10-28T16:59:27 IST" duration-ms="14432">
      <class name="com.ash.githubactions.DemoTest">
        <test-method signature="test1()[pri:0, instance:com.ash.githubactions.DemoTest@429bffaa]" started-at="2023-10-28T16:59:13 IST" name="test1" finished-at="2023-10-28T16:59:21 IST" duration-ms="7846" status="PASS">
          <reporter-output>
          </reporter-output>
        </test-method> <!-- test1 -->
        <test-method signature="test2()[pri:0, instance:com.ash.githubactions.DemoTest@429bffaa]" started-at="2023-10-28T16:59:21 IST" name="test2" finished-at="2023-10-28T16:59:27 IST" duration-ms="6555" status="PASS">
          <reporter-output>
          </reporter-output>
        </test-method> <!-- test2 -->
      </class> <!-- com.ash.githubactions.DemoTest -->
    </test> <!-- Test -->
  </suite> <!-- Suite -->
</testng-results>
